Arguments: 
  /usr/local/bin/node /usr/local/bin/yarn install

PATH: 
  /usr/local/bin:/usr/bin:/bin:/usr/sbin:/sbin:/Applications/TEE-CLC-14.123.1:/Users/MacAdmin/Library/Android/sdk/platform-tools:/usr/local/share/dotnet:/usr/local/alwaysai:~/.dotnet/tools:/Library/Frameworks/Mono.framework/Versions/Current/Commands:/Applications/Xamarin Workbooks.app/Contents/SharedSupport/path-bin

Yarn version: 
  1.22.18

Node version: 
  16.0.0

Platform: 
  darwin x64

Trace: 
  Error: connect ECONNREFUSED 104.16.25.35:443
      at TCPConnectWrap.afterConnect [as oncomplete] (node:net:1133:16)

npm manifest: 
  {
    "name": "rtcmulticonnection",
    "preferGlobal": false,
    "version" : "3.7.0",
    "author"  : {
      "name"  : "GAJ.COM",
      "email" : "gaj.com@gmail.com",
      "url"   : "https://muazkhan.com/"
    },
    "description": "GAJ.COM library runs top over API to support peer-to-peer features.",
    "repository": {
      "type": "git",
      "url": "https://github.com/muaz-khan/RTCMultiConnection.git"
    },
    "scripts": {
      "start": "node server.js",
      "contrib-prerequisites": "npm install grunt@0.4.5 && npm install grunt-bump@0.7.0 && npm install grunt-cli@0.1.13 && npm install grunt-contrib-clean@0.6.0 && npm install grunt-contrib-concat@0.5.1 && npm install grunt-contrib-copy@0.8.2 && npm install grunt-contrib-uglify@0.11.0 && npm install grunt-contrib-watch@1.1.0 && npm install grunt-jsbeautifier@0.2.10 && npm install grunt-replace@0.11.0 && npm install load-grunt-tasks@3.4.0"
    },
    "engines": {
      "node": ">=8.0.0"
    },
    "main": "./dist/RTCMultiConnection.js",
    "keywords": [
      "peer-to-peer",
      "peer2peer",
      "p2p",
      "webrtc",
      "webrtc-library",
      "library",
      "javascript",
      "rtcweb"
    ],
    "dependencies": {
      "canvas-designer": "latest",
      "detectrtc": "latest",
      "fbr": "latest",
      "getstats": "latest",
      "multistreamsmixer": "latest",
      "recordrtc": "latest",
      "rtcmulticonnection-server": "latest",
      "socket.io": "latest",
      "webrtc-adapter": "latest"
    },
    "analyze": false,
    "license": "MIT",
    "readmeFilename": "README.md",
    "bugs": {
      "url": "https://github.com/muaz-khan/RTCMultiConnection/issues",
      "email": "muazkh@gmail.com"
    },
    "homepage": "https://rtcmulticonnection.herokuapp.com/demos/",
    "tonicExampleFilename": "npm-test.js",
    "_from": "rtcmulticonnection@",
    "devDependencies": {
      "grunt": "0.4.5",
      "grunt-bump": "0.7.0",
      "grunt-cli": "0.1.13",
      "grunt-contrib-clean": "0.6.0",
      "grunt-contrib-concat": "0.5.1",
      "grunt-contrib-copy": "0.8.2",
      "grunt-contrib-uglify": "0.11.0",
      "grunt-contrib-watch": "1.1.0",
      "grunt-jsbeautifier": "0.2.10",
      "grunt-replace": "0.11.0",
      "load-grunt-tasks": "3.4.0"
    }
  }

yarn manifest: 
  No manifest

Lockfile: 
  No lockfile
